<?xml version="1.0" encoding="UTF-8"?>
<!-- Generated by org.testng.reporters.JUnitXMLReporter -->
<testsuite ignored="2" hostname="LAPTOP-98L0NV9D" failures="0" tests="1" name="Default test" time="7.864" errors="0" timestamp="2025-11-15T22:26:37 IST">
  <testcase classname="campaign.createCampaign" name="createCampaignwithMandatoryField" time="2.794"/>
  <testcase classname="campaign.createCampaign" name="createCampaignwithStatus" time="0.0">
    <ignored/>
  </testcase> <!-- createCampaignwithStatus -->
  <testcase classname="campaign.createCampaign" name="createCampaignwithExpecteddate" time="0.0">
    <ignored/>
  </testcase> <!-- createCampaignwithExpecteddate -->
</testsuite> <!-- Default test -->
