<?xml version="1.0" encoding="UTF-8"?>
<!-- Generated by org.testng.reporters.JUnitXMLReporter -->
<testsuite ignored="0" hostname="LAPTOP-98L0NV9D" failures="2" tests="2" name="Test" time="5.842" errors="0" timestamp="2025-11-15T09:26:23 IST">
  <testcase classname="campaign.createCampaign" name="createCampaignwithMandatoryField" time="2.263">
    <failure type="java.lang.AssertionError" message="expected [Campaign NewYear Successfully Added] but found [Campaign is Not Added]">
      <![CDATA[java.lang.AssertionError: expected [Campaign NewYear Successfully Added] but found [Campaign is Not Added]
at campaign.createCampaign.createCampaignwithMandatoryField(createCampaign.java:44)
at java.base/java.util.ArrayList.forEach(ArrayList.java:1596)
at java.base/java.util.concurrent.FutureTask.run(FutureTask.java:317)
at java.base/java.util.concurrent.ThreadPoolExecutor.runWorker(ThreadPoolExecutor.java:1144)
at java.base/java.util.concurrent.ThreadPoolExecutor$Worker.run(ThreadPoolExecutor.java:642)
at java.base/java.lang.Thread.run(Thread.java:1583)
... Removed 21 stack frames]]>
    </failure>
  </testcase> <!-- createCampaignwithMandatoryField -->
  <testcase classname="campaign.createCampaign" name="createCampaignwithMandatoryField" time="3.558">
    <failure type="java.lang.NullPointerException" message="Cannot invoke &amp;quot;com.aventstack.extentreports.ExtentTest.log(com.aventstack.extentreports.Status, String)&amp;quot; because &amp;quot;this.test&amp;quot; is null">
      <![CDATA[java.lang.NullPointerException: Cannot invoke "com.aventstack.extentreports.ExtentTest.log(com.aventstack.extentreports.Status, String)" because "this.test" is null
at listener.listenerImplementation.onTestFailure(listenerImplementation.java:43)
at java.base/java.util.ArrayList.forEach(ArrayList.java:1596)
at java.base/java.util.concurrent.FutureTask.run(FutureTask.java:317)
at java.base/java.util.concurrent.ThreadPoolExecutor.runWorker(ThreadPoolExecutor.java:1144)
at java.base/java.util.concurrent.ThreadPoolExecutor$Worker.run(ThreadPoolExecutor.java:642)
at java.base/java.lang.Thread.run(Thread.java:1583)
... Removed 14 stack frames]]>
    </failure>
  </testcase> <!-- createCampaignwithMandatoryField -->
</testsuite> <!-- Test -->
