<?xml version="1.0" encoding="UTF-8"?>
<!-- Generated by org.testng.reporters.JUnitXMLReporter -->
<testsuite ignored="0" hostname="LAPTOP-98L0NV9D" failures="0" tests="3" name="Test1" time="0.147" errors="0" timestamp="2025-11-09T09:19:08 IST">
  <testcase classname="config.baseClass" name="@BeforeClass beforeClass" time="-1.7626601488E9">
    <failure type="org.testng.TestNGException" message="
Parameter &amp;apos;BROWSER&amp;apos; is required by BeforeClass on method beforeClass but has not been marked @Optional or defined
in C:\Users\asus\eclipse-workspace\PracticeTest\Dparallel.xml">
      <![CDATA[org.testng.TestNGException: 
Parameter 'BROWSER' is required by BeforeClass on method beforeClass but has not been marked @Optional or defined
in C:\Users\asus\eclipse-workspace\PracticeTest\Dparallel.xml
at java.base/java.util.ArrayList.forEach(ArrayList.java:1596)
... Removed 22 stack frames]]>
    </failure>
  </testcase> <!-- @BeforeClass beforeClass -->
  <testcase classname="config.baseClass" name="@BeforeMethod beforeMethod" time="0.0">
    <skipped/>
  </testcase> <!-- @BeforeMethod beforeMethod -->
  <testcase classname="config.baseClass" name="@AfterMethod afterMethod" time="0.0">
    <skipped/>
  </testcase> <!-- @AfterMethod afterMethod -->
  <testcase classname="config.baseClass" name="@BeforeMethod beforeMethod" time="0.0">
    <skipped/>
  </testcase> <!-- @BeforeMethod beforeMethod -->
  <testcase classname="config.baseClass" name="@AfterMethod afterMethod" time="0.0">
    <skipped/>
  </testcase> <!-- @AfterMethod afterMethod -->
  <testcase classname="config.baseClass" name="@BeforeMethod beforeMethod" time="0.0">
    <skipped/>
  </testcase> <!-- @BeforeMethod beforeMethod -->
  <testcase classname="config.baseClass" name="@AfterMethod afterMethod" time="0.0">
    <skipped/>
  </testcase> <!-- @AfterMethod afterMethod -->
  <testcase classname="config.baseClass" name="@AfterClass afterClass" time="0.0">
    <skipped/>
  </testcase> <!-- @AfterClass afterClass -->
  <testcase classname="campaign.createCampaign" name="createCampaignwithMandatoryField" time="0.001">
    <skipped/>
  </testcase> <!-- createCampaignwithMandatoryField -->
  <testcase classname="campaign.createCampaign" name="createCampaignwithStatus" time="0.0">
    <skipped/>
  </testcase> <!-- createCampaignwithStatus -->
  <testcase classname="campaign.createCampaign" name="createCampaignwithExpecteddate" time="0.0">
    <skipped/>
  </testcase> <!-- createCampaignwithExpecteddate -->
</testsuite> <!-- Test1 -->
