<?xml version="1.0" encoding="UTF-8"?>
<testng-results ignored="2" total="3" passed="1" failed="0" skipped="0">
  <reporter-output>
    <line>
      <![CDATA[Database connectivity]]>
    </line>
    <line>
      <![CDATA[Before parallel execution]]>
    </line>
    <line>
      <![CDATA[After parallel execution]]>
    </line>
    <line>
      <![CDATA[close database connectivity]]>
    </line>
  </reporter-output>
  <suite started-at="2025-11-15T22:26:29 IST" name="Default suite" finished-at="2025-11-15T22:26:37 IST" duration-ms="7864">
    <groups>
      <group name="Regression">
        <method signature="createCampaign.createCampaignwithMandatoryField()[pri:1, instance:campaign.createCampaign@65e98b1c]" name="createCampaignwithMandatoryField" class="campaign.createCampaign"/>
      </group> <!-- Regression -->
      <group name="smoke">
        <method signature="createCampaign.createCampaignwithMandatoryField()[pri:1, instance:campaign.createCampaign@65e98b1c]" name="createCampaignwithMandatoryField" class="campaign.createCampaign"/>
      </group> <!-- smoke -->
      <group name="campaign">
        <method signature="createCampaign.createCampaignwithMandatoryField()[pri:1, instance:campaign.createCampaign@65e98b1c]" name="createCampaignwithMandatoryField" class="campaign.createCampaign"/>
      </group> <!-- campaign -->
    </groups>
    <test started-at="2025-11-15T22:26:29 IST" name="Default test" finished-at="2025-11-15T22:26:37 IST" duration-ms="7864">
      <class name="campaign.createCampaign">
        <test-method is-config="true" signature="beforeSuite()[pri:0, instance:campaign.createCampaign@65e98b1c]" started-at="2025-11-15T22:26:29 IST" name="beforeSuite" finished-at="2025-11-15T22:26:29 IST" duration-ms="25" status="PASS">
          <reporter-output>
            <line>
              <![CDATA[Database connectivity]]>
            </line>
          </reporter-output>
        </test-method> <!-- beforeSuite -->
        <test-method is-config="true" signature="beforeTest()[pri:0, instance:campaign.createCampaign@65e98b1c]" started-at="2025-11-15T22:26:29 IST" name="beforeTest" finished-at="2025-11-15T22:26:29 IST" duration-ms="1" status="PASS">
          <reporter-output>
            <line>
              <![CDATA[Before parallel execution]]>
            </line>
          </reporter-output>
        </test-method> <!-- beforeTest -->
        <test-method is-config="true" signature="beforeClass()[pri:0, instance:campaign.createCampaign@65e98b1c]" started-at="2025-11-15T22:26:29 IST" name="beforeClass" finished-at="2025-11-15T22:26:32 IST" duration-ms="2429" status="PASS">
          <reporter-output>
          </reporter-output>
        </test-method> <!-- beforeClass -->
        <test-method is-config="true" signature="beforeMethod()[pri:0, instance:campaign.createCampaign@65e98b1c]" started-at="2025-11-15T22:26:32 IST" name="beforeMethod" finished-at="2025-11-15T22:26:33 IST" duration-ms="1505" status="PASS">
          <reporter-output>
          </reporter-output>
        </test-method> <!-- beforeMethod -->
        <test-method signature="createCampaignwithMandatoryField()[pri:1, instance:campaign.createCampaign@65e98b1c]" started-at="2025-11-15T22:26:33 IST" name="createCampaignwithMandatoryField" finished-at="2025-11-15T22:26:36 IST" duration-ms="2794" status="PASS">
          <reporter-output>
          </reporter-output>
        </test-method> <!-- createCampaignwithMandatoryField -->
        <test-method is-config="true" signature="afterMethod()[pri:0, instance:campaign.createCampaign@65e98b1c]" started-at="2025-11-15T22:26:36 IST" name="afterMethod" finished-at="2025-11-15T22:26:37 IST" duration-ms="886" status="PASS">
          <reporter-output>
          </reporter-output>
        </test-method> <!-- afterMethod -->
        <test-method is-config="true" signature="afterClass()[pri:0, instance:campaign.createCampaign@65e98b1c]" started-at="2025-11-15T22:26:37 IST" name="afterClass" finished-at="2025-11-15T22:26:37 IST" duration-ms="166" status="PASS">
          <reporter-output>
          </reporter-output>
        </test-method> <!-- afterClass -->
        <test-method is-config="true" signature="afterTest()[pri:0, instance:campaign.createCampaign@65e98b1c]" started-at="2025-11-15T22:26:37 IST" name="afterTest" finished-at="2025-11-15T22:26:37 IST" duration-ms="3" status="PASS">
          <reporter-output>
            <line>
              <![CDATA[After parallel execution]]>
            </line>
          </reporter-output>
        </test-method> <!-- afterTest -->
        <test-method is-config="true" signature="afterSuite()[pri:0, instance:campaign.createCampaign@65e98b1c]" started-at="2025-11-15T22:26:37 IST" name="afterSuite" finished-at="2025-11-15T22:26:37 IST" duration-ms="1" status="PASS">
          <reporter-output>
            <line>
              <![CDATA[close database connectivity]]>
            </line>
          </reporter-output>
        </test-method> <!-- afterSuite -->
      </class> <!-- campaign.createCampaign -->
    </test> <!-- Default test -->
  </suite> <!-- Default suite -->
</testng-results>
