<?xml version="1.0" encoding="UTF-8"?>
<!-- Generated by org.testng.reporters.JUnitReportReporter -->
<testsuite hostname="LAPTOP-98L0NV9D" failures="0" tests="1" name="product.CreateProduct" time="6.759" errors="0" timestamp="2025-11-09T11:20:52 IST" skipped="0">
  <testcase classname="product.CreateProduct" name="createProductRecord" time="6.759">
    <system-out>
      <![CDATA[Execution started
Execution successfully completed]]>
    </system-out>
  </testcase> <!-- createProductRecord -->
  <system-out>
    <![CDATA[Database connectivity
Before parallel execution
Execution started
Execution successfully completed
After parallel execution
close database connectivity]]>
  </system-out>
</testsuite> <!-- product.CreateProduct -->
