<?xml version="1.0" encoding="UTF-8"?>
<!-- Generated by org.testng.reporters.JUnitReportReporter -->
<testsuite hostname="LAPTOP-98L0NV9D" failures="0" tests="3" name="testng.enabled" time="0.014" errors="0" timestamp="2025-11-01T10:39:00 IST" skipped="1">
  <testcase classname="testng.enabled" name="goodNight" time="0.012">
    <system-out>
      <![CDATA[Goodnight students]]>
    </system-out>
  </testcase> <!-- goodNight -->
  <testcase classname="testng.enabled" name="hello" time="0.002">
    <system-out>
      <![CDATA[Hello students]]>
    </system-out>
  </testcase> <!-- hello -->
  <testcase classname="testng.enabled" name="goodMorning">
    <skipped/>
  </testcase> <!-- goodMorning -->
  <system-out>
    <![CDATA[Goodnight students
Hello students]]>
  </system-out>
</testsuite> <!-- testng.enabled -->
