<?xml version="1.0" encoding="UTF-8"?>
<!-- Generated by org.testng.reporters.JUnitReportReporter -->
<testsuite hostname="LAPTOP-98L0NV9D" failures="0" tests="3" name="testng.dependsOn" time="0.019" errors="0" timestamp="2025-11-01T10:52:00 IST" skipped="0">
  <testcase classname="testng.dependsOn" name="createAccount" time="0.014">
    <system-out>
      <![CDATA[Account in insta is created]]>
    </system-out>
  </testcase> <!-- createAccount -->
  <testcase classname="testng.dependsOn" name="updateAccount" time="0.003">
    <system-out>
      <![CDATA[Account in insta is updated]]>
    </system-out>
  </testcase> <!-- updateAccount -->
  <testcase classname="testng.dependsOn" name="deleteAccount" time="0.002">
    <system-out>
      <![CDATA[Account in insta is deleted]]>
    </system-out>
  </testcase> <!-- deleteAccount -->
  <system-out>
    <![CDATA[Account in insta is created
Account in insta is updated
Account in insta is deleted]]>
  </system-out>
</testsuite> <!-- testng.dependsOn -->
