<?xml version="1.0" encoding="UTF-8"?>
<!-- Generated by org.testng.reporters.JUnitReportReporter -->
<testsuite hostname="LAPTOP-98L0NV9D" failures="0" tests="1" name="campaign.createCampaign" time="5.185" errors="0" timestamp="2025-11-15T22:26:38 IST" skipped="0">
  <testcase classname="campaign.createCampaign" name="createCampaignwithMandatoryField" time="5.185"/>
  <system-out>
    <![CDATA[Database connectivity
Before parallel execution
After parallel execution
close database connectivity]]>
  </system-out>
</testsuite> <!-- campaign.createCampaign -->
