<?xml version="1.0" encoding="UTF-8"?>
<!-- Generated by org.testng.reporters.JUnitReportReporter -->
<testsuite hostname="LAPTOP-98L0NV9D" failures="0" tests="1" name="config.baseClass" time="2.201" errors="0" timestamp="2025-11-02T11:03:35 IST" skipped="0">
  <testcase classname="config.baseClass" name="testcase1" time="2.201">
    <system-out>
      <![CDATA[testcase1 executed]]>
    </system-out>
  </testcase> <!-- testcase1 -->
  <system-out>
    <![CDATA[Database connectivity
Before parallel execution
testcase1 executed
After parallel execution
close database connectivity]]>
  </system-out>
</testsuite> <!-- config.baseClass -->
