<?xml version="1.0" encoding="UTF-8"?>
<!-- Generated by org.testng.reporters.JUnitReportReporter -->
<testsuite hostname="LAPTOP-98L0NV9D" failures="0" tests="3" name="priorityProgram" time="0.026" errors="0" timestamp="2025-11-01T09:27:54 IST" skipped="0">
  <testcase classname="priorityProgram" name="createcampaign" time="0.019">
    <system-out>
      <![CDATA[Create campaign]]>
    </system-out>
  </testcase> <!-- createcampaign -->
  <testcase classname="priorityProgram" name="updatecampaign" time="0.003">
    <system-out>
      <![CDATA[Update campaign]]>
    </system-out>
  </testcase> <!-- updatecampaign -->
  <testcase classname="priorityProgram" name="deletecampaign" time="0.004">
    <system-out>
      <![CDATA[Delete campaign]]>
    </system-out>
  </testcase> <!-- deletecampaign -->
  <system-out>
    <![CDATA[Create campaign
Update campaign
Delete campaign]]>
  </system-out>
</testsuite> <!-- priorityProgram -->
