<?xml version="1.0" encoding="UTF-8"?>
<!-- Generated by org.testng.reporters.JUnitReportReporter -->
<testsuite hostname="LAPTOP-98L0NV9D" failures="0" tests="5" name="invocationCountProgram" time="14.674" errors="0" timestamp="2025-11-01T09:34:46 IST" skipped="0">
  <testcase classname="invocationCountProgram" name="sample" time="2.943">
    <system-out>
      <![CDATA[Google]]>
    </system-out>
  </testcase> <!-- sample -->
  <testcase classname="invocationCountProgram" name="sample" time="2.360">
    <system-out>
      <![CDATA[Google]]>
    </system-out>
  </testcase> <!-- sample -->
  <testcase classname="invocationCountProgram" name="sample" time="3.830">
    <system-out>
      <![CDATA[Google]]>
    </system-out>
  </testcase> <!-- sample -->
  <testcase classname="invocationCountProgram" name="sample" time="2.875">
    <system-out>
      <![CDATA[Google]]>
    </system-out>
  </testcase> <!-- sample -->
  <testcase classname="invocationCountProgram" name="sample" time="2.666">
    <system-out>
      <![CDATA[Google]]>
    </system-out>
  </testcase> <!-- sample -->
  <system-out>
    <![CDATA[Google
Google
Google
Google
Google]]>
  </system-out>
</testsuite> <!-- invocationCountProgram -->
