<?xml version="1.0" encoding="UTF-8"?>
<!-- Generated by org.testng.reporters.JUnitReportReporter -->
<testsuite hostname="LAPTOP-98L0NV9D" failures="0" tests="2" name="configAnnotation" time="0.023" errors="0" timestamp="2025-11-02T10:56:58 IST" skipped="0">
  <testcase classname="configAnnotation" name="testcase2" time="0.007">
    <system-out>
      <![CDATA[testcase2 execution]]>
    </system-out>
  </testcase> <!-- testcase2 -->
  <testcase classname="configAnnotation" name="testcase1" time="0.016">
    <system-out>
      <![CDATA[testcase1 execution]]>
    </system-out>
  </testcase> <!-- testcase1 -->
  <system-out>
    <![CDATA[Database connectivity
Before parallel execution
login the app
testcase1 execution
logout from the app
login the app
testcase2 execution
logout from the app
After parallel execution
close database connectivity]]>
  </system-out>
</testsuite> <!-- configAnnotation -->
