<?xml version="1.0" encoding="UTF-8"?>
<!-- Generated by org.testng.reporters.JUnitReportReporter -->
<testsuite hostname="LAPTOP-98L0NV9D" failures="0" tests="3" name="testng.sampleDataProvider" time="0.017" errors="0" timestamp="2025-11-08T08:49:28 IST" skipped="0">
  <testcase classname="testng.sampleDataProvider" name="loginProgram" time="0.011"/>
  <testcase classname="testng.sampleDataProvider" name="loginProgram" time="0.002"/>
  <testcase classname="testng.sampleDataProvider" name="loginProgram" time="0.004"/>
</testsuite> <!-- testng.sampleDataProvider -->
