<?xml version="1.0" encoding="UTF-8"?>
<!-- Generated by org.testng.reporters.JUnitReportReporter -->
<testsuite hostname="LAPTOP-98L0NV9D" failures="0" tests="5" name="testng.threadPoolSize" time="16.859" errors="0" timestamp="2025-11-01T09:51:15 IST" skipped="0">
  <testcase classname="testng.threadPoolSize" name="sample" time="2.740">
    <system-out>
      <![CDATA[Google]]>
    </system-out>
  </testcase> <!-- sample -->
  <testcase classname="testng.threadPoolSize" name="sample" time="3.073">
    <system-out>
      <![CDATA[Google]]>
    </system-out>
  </testcase> <!-- sample -->
  <testcase classname="testng.threadPoolSize" name="sample" time="4.342">
    <system-out>
      <![CDATA[Google]]>
    </system-out>
  </testcase> <!-- sample -->
  <testcase classname="testng.threadPoolSize" name="sample" time="3.150">
    <system-out>
      <![CDATA[Google]]>
    </system-out>
  </testcase> <!-- sample -->
  <testcase classname="testng.threadPoolSize" name="sample" time="3.554">
    <system-out>
      <![CDATA[Google]]>
    </system-out>
  </testcase> <!-- sample -->
  <system-out>
    <![CDATA[Google
Google
Google
Google
Google]]>
  </system-out>
</testsuite> <!-- testng.threadPoolSize -->
